2026-03-21T08:55:33.806793Z  INFO tailwindcss_oxide::scanner: Provided sources:
2026-03-21T08:55:33.807576Z  INFO tailwindcss_oxide::scanner: Source: PublicSourceEntry { base: "C:\\Users\\shlok\\Desktop\\khaadyam-web", pattern: "**/*", negated: false }
2026-03-21T08:55:33.808706Z  INFO tailwindcss_oxide::scanner: Optimized sources:
2026-03-21T08:55:33.808739Z  INFO tailwindcss_oxide::scanner: Source: Auto { base: "C:\\Users\\shlok\\Desktop\\khaadyam-web" }
2026-03-21T08:55:33.810930Z  INFO discover_sources: tailwindcss_oxide::scanner: enter
2026-03-21T08:55:33.810982Z  INFO discover_sources:walk_synchronous: tailwindcss_oxide::scanner: enter
2026-03-21T08:55:33.817107Z  INFO discover_sources:walk_synchronous: tailwindcss_oxide::scanner: exit
2026-03-21T08:55:33.817733Z  INFO tailwindcss_oxide::scanner: Reading "C:\\Users\\shlok\\Desktop\\khaadyam-web\\err28.txt"
2026-03-21T08:55:33.817819Z  INFO tailwindcss_oxide::scanner: Reading "C:\\Users\\shlok\\Desktop\\khaadyam-web\\src\\app\\login\\page.tsx"
2026-03-21T08:55:33.817945Z  INFO tailwindcss_oxide::scanner: Reading "C:\\Users\\shlok\\Desktop\\khaadyam-web\\src\\app\\not-found.tsx"
2026-03-21T08:55:33.817955Z  INFO tailwindcss_oxide::scanner: Reading "C:\\Users\\shlok\\Desktop\\khaadyam-web\\err29.txt"
2026-03-21T08:55:33.817975Z  INFO tailwindcss_oxide::scanner: Reading "C:\\Users\\shlok\\Desktop\\khaadyam-web\\src\\components\\LoginModal.tsx"
2026-03-21T08:55:33.818047Z  INFO tailwindcss_oxide::scanner: Reading "C:\\Users\\shlok\\Desktop\\khaadyam-web\\eslint.config.mjs"
2026-03-21T08:55:33.818124Z  INFO tailwindcss_oxide::scanner: Reading "C:\\Users\\shlok\\Desktop\\khaadyam-web\\src\\app\\page.tsx"
2026-03-21T08:55:33.818121Z  INFO tailwindcss_oxide::scanner: Reading "C:\\Users\\shlok\\Desktop\\khaadyam-web\\src\\components\\Navbar.tsx"
2026-03-21T08:55:33.818139Z  INFO tailwindcss_oxide::scanner: Reading "C:\\Users\\shlok\\Desktop\\khaadyam-web\\next.config.ts"
2026-03-21T08:55:33.818258Z  INFO tailwindcss_oxide::scanner: Reading "C:\\Users\\shlok\\Desktop\\khaadyam-web\\src\\components\\ProductCard.tsx"
2026-03-21T08:55:33.818270Z  INFO tailwindcss_oxide::scanner: Reading "C:\\Users\\shlok\\Desktop\\khaadyam-web\\src\\app\\shop\\page.tsx"
2026-03-21T08:55:33.818355Z  INFO tailwindcss_oxide::scanner: Reading "C:\\Users\\shlok\\Desktop\\khaadyam-web\\src\\components\\Providers.tsx"
2026-03-21T08:55:33.818366Z  INFO tailwindcss_oxide::scanner: Reading "C:\\Users\\shlok\\Desktop\\khaadyam-web\\src\\app\\story\\page.tsx"
2026-03-21T08:55:33.818374Z  INFO tailwindcss_oxide::scanner: Reading "C:\\Users\\shlok\\Desktop\\khaadyam-web\\package.json"
2026-03-21T08:55:33.818434Z  INFO tailwindcss_oxide::scanner: Reading "C:\\Users\\shlok\\Desktop\\khaadyam-web\\src\\components\\SearchBar.tsx"
2026-03-21T08:55:33.818440Z  INFO tailwindcss_oxide::scanner: Reading "C:\\Users\\shlok\\Desktop\\khaadyam-web\\public\\globe.svg"
2026-03-21T08:55:33.818512Z  INFO tailwindcss_oxide::scanner: Reading "C:\\Users\\shlok\\Desktop\\khaadyam-web\\public\\next.svg"
2026-03-21T08:55:33.818512Z  INFO tailwindcss_oxide::scanner: Reading "C:\\Users\\shlok\\Desktop\\khaadyam-web\\src\\components\\SignupModal.tsx"
2026-03-21T08:55:33.818530Z  INFO tailwindcss_oxide::scanner: Reading "C:\\Users\\shlok\\Desktop\\khaadyam-web\\postcss.config.mjs"
2026-03-21T08:55:33.818525Z  INFO tailwindcss_oxide::scanner: Reading "C:\\Users\\shlok\\Desktop\\khaadyam-web\\src\\components\\ButtonSystem.tsx"
2026-03-21T08:55:33.818581Z  INFO tailwindcss_oxide::scanner: Reading "C:\\Users\\shlok\\Desktop\\khaadyam-web\\public\\vercel.svg"
2026-03-21T08:55:33.818592Z  INFO tailwindcss_oxide::scanner: Reading "C:\\Users\\shlok\\Desktop\\khaadyam-web\\src\\components\\Testimonials.tsx"
2026-03-21T08:55:33.818655Z  INFO tailwindcss_oxide::scanner: Reading "C:\\Users\\shlok\\Desktop\\khaadyam-web\\public\\window.svg"
2026-03-21T08:55:33.818667Z  INFO tailwindcss_oxide::scanner: Reading "C:\\Users\\shlok\\Desktop\\khaadyam-web\\src\\components\\TopBar.tsx"
2026-03-21T08:55:33.818675Z  INFO tailwindcss_oxide::scanner: Reading "C:\\Users\\shlok\\Desktop\\khaadyam-web\\prisma\\schema.prisma"
2026-03-21T08:55:33.818712Z  INFO tailwindcss_oxide::scanner: Reading "C:\\Users\\shlok\\Desktop\\khaadyam-web\\src\\components\\CartDrawer.tsx"
2026-03-21T08:55:33.818735Z  INFO tailwindcss_oxide::scanner: Reading "C:\\Users\\shlok\\Desktop\\khaadyam-web\\README.md"
2026-03-21T08:55:33.818774Z  INFO tailwindcss_oxide::scanner: Reading "C:\\Users\\shlok\\Desktop\\khaadyam-web\\src\\context\\CartContext.tsx"
2026-03-21T08:55:33.818873Z  INFO tailwindcss_oxide::scanner: Reading "C:\\Users\\shlok\\Desktop\\khaadyam-web\\src\\lib\\auth.ts"
2026-03-21T08:55:33.818978Z  INFO tailwindcss_oxide::scanner: Reading "C:\\Users\\shlok\\Desktop\\khaadyam-web\\src\\app\\account\\page.tsx"
2026-03-21T08:55:33.818978Z  INFO tailwindcss_oxide::scanner: Reading "C:\\Users\\shlok\\Desktop\\khaadyam-web\\prisma\\seed.ts"
2026-03-21T08:55:33.818977Z  INFO tailwindcss_oxide::scanner: Reading "C:\\Users\\shlok\\Desktop\\khaadyam-web\\src\\app\\api\\auth\\[...nextauth]\\route.ts"
2026-03-21T08:55:33.818990Z  INFO tailwindcss_oxide::scanner: Reading "C:\\Users\\shlok\\Desktop\\khaadyam-web\\prisma\\seed.js"
2026-03-21T08:55:33.818994Z  INFO tailwindcss_oxide::scanner: Reading "C:\\Users\\shlok\\Desktop\\khaadyam-web\\src\\components\\CategoryGrid.tsx"
2026-03-21T08:55:33.819051Z  INFO tailwindcss_oxide::scanner: Reading "C:\\Users\\shlok\\Desktop\\khaadyam-web\\src\\lib\\prisma.ts"
2026-03-21T08:55:33.819090Z  INFO tailwindcss_oxide::scanner: Reading "C:\\Users\\shlok\\Desktop\\khaadyam-web\\src\\app\\api\\register\\route.ts"
2026-03-21T08:55:33.819124Z  INFO tailwindcss_oxide::scanner: Reading "C:\\Users\\shlok\\Desktop\\khaadyam-web\\src\\components\\Footer.tsx"
2026-03-21T08:55:33.819103Z  INFO tailwindcss_oxide::scanner: Reading "C:\\Users\\shlok\\Desktop\\khaadyam-web\\prisma-debug.txt"
2026-03-21T08:55:33.819123Z  INFO tailwindcss_oxide::scanner: Reading "C:\\Users\\shlok\\Desktop\\khaadyam-web\\src\\app\\api\\cart\\route.ts"
2026-03-21T08:55:33.819159Z  INFO tailwindcss_oxide::scanner: Reading "C:\\Users\\shlok\\Desktop\\khaadyam-web\\src\\app\\bestsellers\\page.tsx"
2026-03-21T08:55:33.819210Z  INFO tailwindcss_oxide::scanner: Reading "C:\\Users\\shlok\\Desktop\\khaadyam-web\\src\\app\\api\\products\\route.ts"
2026-03-21T08:55:33.819232Z  INFO tailwindcss_oxide::scanner: Reading "C:\\Users\\shlok\\Desktop\\khaadyam-web\\src\\components\\Hero.tsx"
2026-03-21T08:55:33.819218Z  INFO tailwindcss_oxide::scanner: Reading "C:\\Users\\shlok\\Desktop\\khaadyam-web\\src\\app\\layout.tsx"
2026-03-21T08:55:33.819254Z  INFO tailwindcss_oxide::scanner: Reading "C:\\Users\\shlok\\Desktop\\khaadyam-web\\tsconfig.json"
2026-03-21T08:55:33.819232Z  INFO tailwindcss_oxide::scanner: Reading "C:\\Users\\shlok\\Desktop\\khaadyam-web\\public\\file.svg"
2026-03-21T08:55:33.819336Z  INFO tailwindcss_oxide::scanner: Reading "C:\\Users\\shlok\\Desktop\\khaadyam-web\\src\\components\\LiquidEther.tsx"
2026-03-21T08:55:33.819431Z  INFO discover_sources: tailwindcss_oxide::scanner: exit
2026-03-21T08:55:33.819466Z  INFO extract_candidates: tailwindcss_oxide::scanner: enter
2026-03-21T08:55:33.819474Z  INFO extract_candidates:parse_all_blobs: tailwindcss_oxide::scanner: enter
2026-03-21T08:55:33.819482Z  INFO extract_candidates:parse_all_blobs:extract: tailwindcss_oxide::scanner: enter
2026-03-21T08:55:33.820772Z  INFO extract_candidates:parse_all_blobs:extract: tailwindcss_oxide::scanner: exit
2026-03-21T08:55:33.820809Z  INFO extract_candidates:parse_all_blobs: tailwindcss_oxide::scanner: exit
2026-03-21T08:55:33.820815Z  INFO extract_candidates:read_all_files: tailwindcss_oxide::scanner: enter
2026-03-21T08:55:33.820818Z  INFO extract_candidates:read_all_files: tailwindcss_oxide::scanner: Reading 1 file(s)
2026-03-21T08:55:33.820954Z  INFO extract_candidates:read_all_files: tailwindcss_oxide::scanner: Reading "C:\\Users\\shlok\\Desktop\\khaadyam-web\\src\\app\\globals.css"
2026-03-21T08:55:33.820965Z  INFO extract_candidates:read_all_files: tailwindcss_oxide::scanner: exit
2026-03-21T08:55:33.820974Z  INFO extract_candidates:extract_css_variables: tailwindcss_oxide::scanner: enter
2026-03-21T08:55:33.821017Z  INFO extract_candidates:extract_css_variables:extract: tailwindcss_oxide::scanner: enter
2026-03-21T08:55:33.821267Z  INFO extract_candidates:extract_css_variables:extract: tailwindcss_oxide::scanner: exit
2026-03-21T08:55:33.821285Z  INFO extract_candidates:extract_css_variables: tailwindcss_oxide::scanner: exit
2026-03-21T08:55:33.821598Z  INFO extract_candidates: tailwindcss_oxide::scanner: exit
2026-03-21T08:55:33.822191Z  INFO get_files: tailwindcss_oxide::scanner: enter
2026-03-21T08:55:33.822203Z  INFO get_files:discover_sources: tailwindcss_oxide::scanner: enter
2026-03-21T08:55:33.822206Z  INFO get_files:discover_sources: tailwindcss_oxide::scanner: exit
2026-03-21T08:55:33.822341Z  INFO get_files: tailwindcss_oxide::scanner: exit
2026-03-21T08:55:33.822620Z  INFO get_globs: tailwindcss_oxide::scanner: enter
2026-03-21T08:55:33.822630Z  INFO get_globs:discover_sources: tailwindcss_oxide::scanner: enter
2026-03-21T08:55:33.822635Z  INFO get_globs:discover_sources: tailwindcss_oxide::scanner: exit
2026-03-21T08:55:33.829745Z  INFO get_globs: tailwindcss_oxide::scanner: exit
2026-03-21T08:59:46.639493Z  INFO discover_sources: tailwindcss_oxide::scanner: enter
2026-03-21T08:59:46.640158Z  INFO discover_sources:walk_parallel: tailwindcss_oxide::scanner: enter
2026-03-21T08:59:46.674188Z  INFO discover_sources:walk_parallel: tailwindcss_oxide::scanner: exit
2026-03-21T08:59:46.691952Z  INFO tailwindcss_oxide::scanner: Reading "C:\\Users\\shlok\\Desktop\\khaadyam-web\\postcss.config.mjs"
2026-03-21T08:59:46.692142Z  INFO tailwindcss_oxide::scanner: Reading "C:\\Users\\shlok\\Desktop\\khaadyam-web\\next.config.ts"
2026-03-21T08:59:46.691952Z  INFO tailwindcss_oxide::scanner: Reading "C:\\Users\\shlok\\Desktop\\khaadyam-web\\public\\file.svg"
2026-03-21T08:59:46.692190Z  INFO tailwindcss_oxide::scanner: Reading "C:\\Users\\shlok\\Desktop\\khaadyam-web\\src\\lib\\prisma.ts"
2026-03-21T08:59:46.692387Z  INFO tailwindcss_oxide::scanner: Reading "C:\\Users\\shlok\\Desktop\\khaadyam-web\\src\\components\\ButtonSystem.tsx"
2026-03-21T08:59:46.692460Z  INFO tailwindcss_oxide::scanner: Reading "C:\\Users\\shlok\\Desktop\\khaadyam-web\\prisma\\schema.prisma"
2026-03-21T08:59:46.692504Z  INFO tailwindcss_oxide::scanner: Reading "C:\\Users\\shlok\\Desktop\\khaadyam-web\\src\\app\\api\\cart\\route.ts"
2026-03-21T08:59:46.692537Z  INFO tailwindcss_oxide::scanner: Reading "C:\\Users\\shlok\\Desktop\\khaadyam-web\\prisma\\seed.ts"
2026-03-21T08:59:46.692570Z  INFO tailwindcss_oxide::scanner: Reading "C:\\Users\\shlok\\Desktop\\khaadyam-web\\src\\app\\not-found.tsx"
2026-03-21T08:59:46.692590Z  INFO tailwindcss_oxide::scanner: Reading "C:\\Users\\shlok\\Desktop\\khaadyam-web\\src\\components\\TopBar.tsx"
2026-03-21T08:59:46.692690Z  INFO tailwindcss_oxide::scanner: Reading "C:\\Users\\shlok\\Desktop\\khaadyam-web\\README.md"
2026-03-21T08:59:46.692775Z  INFO tailwindcss_oxide::scanner: Reading "C:\\Users\\shlok\\Desktop\\khaadyam-web\\src\\components\\LiquidEther.tsx"
2026-03-21T08:59:46.692822Z  INFO tailwindcss_oxide::scanner: Reading "C:\\Users\\shlok\\Desktop\\khaadyam-web\\src\\app\\story\\page.tsx"
2026-03-21T08:59:46.692509Z  INFO tailwindcss_oxide::scanner: Reading "C:\\Users\\shlok\\Desktop\\khaadyam-web\\src\\app\\login\\page.tsx"
2026-03-21T08:59:46.693034Z  INFO tailwindcss_oxide::scanner: Reading "C:\\Users\\shlok\\Desktop\\khaadyam-web\\src\\lib\\auth.ts"
2026-03-21T08:59:46.693062Z  INFO tailwindcss_oxide::scanner: Reading "C:\\Users\\shlok\\Desktop\\khaadyam-web\\public\\globe.svg"
2026-03-21T08:59:46.693119Z  INFO tailwindcss_oxide::scanner: Reading "C:\\Users\\shlok\\Desktop\\khaadyam-web\\public\\next.svg"
2026-03-21T08:59:46.693136Z  INFO tailwindcss_oxide::scanner: Reading "C:\\Users\\shlok\\Desktop\\khaadyam-web\\src\\components\\Navbar.tsx"
2026-03-21T08:59:46.693187Z  INFO tailwindcss_oxide::scanner: Reading "C:\\Users\\shlok\\Desktop\\khaadyam-web\\eslint.config.mjs"
2026-03-21T08:59:46.693319Z  INFO tailwindcss_oxide::scanner: Reading "C:\\Users\\shlok\\Desktop\\khaadyam-web\\src\\components\\CategoryGrid.tsx"
2026-03-21T08:59:46.693459Z  INFO tailwindcss_oxide::scanner: Reading "C:\\Users\\shlok\\Desktop\\khaadyam-web\\src\\components\\CartDrawer.tsx"
2026-03-21T08:59:46.693500Z  INFO tailwindcss_oxide::scanner: Reading "C:\\Users\\shlok\\Desktop\\khaadyam-web\\tsconfig.json"
2026-03-21T08:59:46.693529Z  INFO tailwindcss_oxide::scanner: Reading "C:\\Users\\shlok\\Desktop\\khaadyam-web\\src\\components\\LoginModal.tsx"
2026-03-21T08:59:46.693802Z  INFO tailwindcss_oxide::scanner: Reading "C:\\Users\\shlok\\Desktop\\khaadyam-web\\public\\window.svg"
2026-03-21T08:59:46.693869Z  INFO tailwindcss_oxide::scanner: Reading "C:\\Users\\shlok\\Desktop\\khaadyam-web\\err28.txt"
2026-03-21T08:59:46.693984Z  INFO tailwindcss_oxide::scanner: Reading "C:\\Users\\shlok\\Desktop\\khaadyam-web\\src\\components\\SignupModal.tsx"
2026-03-21T08:59:46.694078Z  INFO tailwindcss_oxide::scanner: Reading "C:\\Users\\shlok\\Desktop\\khaadyam-web\\src\\components\\Hero.tsx"
2026-03-21T08:59:46.694108Z  INFO tailwindcss_oxide::scanner: Reading "C:\\Users\\shlok\\Desktop\\khaadyam-web\\prisma-debug.txt"
2026-03-21T08:59:46.693898Z  INFO tailwindcss_oxide::scanner: Reading "C:\\Users\\shlok\\Desktop\\khaadyam-web\\public\\vercel.svg"
2026-03-21T08:59:46.694298Z  INFO tailwindcss_oxide::scanner: Reading "C:\\Users\\shlok\\Desktop\\khaadyam-web\\src\\components\\Testimonials.tsx"
2026-03-21T08:59:46.694411Z  INFO tailwindcss_oxide::scanner: Reading "C:\\Users\\shlok\\Desktop\\khaadyam-web\\prisma\\seed.js"
2026-03-21T08:59:46.693991Z  INFO tailwindcss_oxide::scanner: Reading "C:\\Users\\shlok\\Desktop\\khaadyam-web\\src\\components\\Footer.tsx"
2026-03-21T08:59:46.694578Z  INFO tailwindcss_oxide::scanner: Reading "C:\\Users\\shlok\\Desktop\\khaadyam-web\\src\\app\\page.tsx"
2026-03-21T08:59:46.694704Z  INFO tailwindcss_oxide::scanner: Reading "C:\\Users\\shlok\\Desktop\\khaadyam-web\\src\\components\\Providers.tsx"
2026-03-21T08:59:46.694280Z  INFO tailwindcss_oxide::scanner: Reading "C:\\Users\\shlok\\Desktop\\khaadyam-web\\src\\context\\CartContext.tsx"
2026-03-21T08:59:46.694755Z  INFO tailwindcss_oxide::scanner: Reading "C:\\Users\\shlok\\Desktop\\khaadyam-web\\src\\components\\ProductCard.tsx"
2026-03-21T08:59:46.694868Z  INFO tailwindcss_oxide::scanner: Reading "C:\\Users\\shlok\\Desktop\\khaadyam-web\\src\\app\\layout.tsx"
2026-03-21T08:59:46.694582Z  INFO tailwindcss_oxide::scanner: Reading "C:\\Users\\shlok\\Desktop\\khaadyam-web\\src\\app\\api\\register\\route.ts"
2026-03-21T08:59:46.694014Z  INFO tailwindcss_oxide::scanner: Reading "C:\\Users\\shlok\\Desktop\\khaadyam-web\\package.json"
2026-03-21T08:59:46.694876Z  INFO tailwindcss_oxide::scanner: Reading "C:\\Users\\shlok\\Desktop\\khaadyam-web\\src\\app\\api\\auth\\[...nextauth]\\route.ts"
2026-03-21T08:59:46.694986Z  INFO tailwindcss_oxide::scanner: Reading "C:\\Users\\shlok\\Desktop\\khaadyam-web\\src\\app\\api\\products\\route.ts"
2026-03-21T08:59:46.694990Z  INFO tailwindcss_oxide::scanner: Reading "C:\\Users\\shlok\\Desktop\\khaadyam-web\\src\\app\\account\\page.tsx"
2026-03-21T08:59:46.695062Z  INFO tailwindcss_oxide::scanner: Reading "C:\\Users\\shlok\\Desktop\\khaadyam-web\\src\\app\\bestsellers\\page.tsx"
2026-03-21T08:59:46.695066Z  INFO tailwindcss_oxide::scanner: Reading "C:\\Users\\shlok\\Desktop\\khaadyam-web\\err29.txt"
2026-03-21T08:59:46.695115Z  INFO tailwindcss_oxide::scanner: Reading "C:\\Users\\shlok\\Desktop\\khaadyam-web\\src\\app\\shop\\page.tsx"
2026-03-21T08:59:46.695579Z  INFO tailwindcss_oxide::scanner: Reading "C:\\Users\\shlok\\Desktop\\khaadyam-web\\src\\components\\SearchBar.tsx"
2026-03-21T08:59:46.698608Z  INFO discover_sources: tailwindcss_oxide::scanner: exit
2026-03-21T08:59:46.698689Z  INFO extract_candidates: tailwindcss_oxide::scanner: enter
2026-03-21T08:59:46.698712Z  INFO extract_candidates:parse_all_blobs: tailwindcss_oxide::scanner: enter
2026-03-21T08:59:46.698726Z  INFO extract_candidates:parse_all_blobs:extract: tailwindcss_oxide::scanner: enter
2026-03-21T08:59:46.704126Z  INFO extract_candidates:parse_all_blobs:extract: tailwindcss_oxide::scanner: exit
2026-03-21T08:59:46.704225Z  INFO extract_candidates:parse_all_blobs: tailwindcss_oxide::scanner: exit
2026-03-21T08:59:46.704243Z  INFO extract_candidates:read_all_files: tailwindcss_oxide::scanner: enter
2026-03-21T08:59:46.704251Z  INFO extract_candidates:read_all_files: tailwindcss_oxide::scanner: Reading 1 file(s)
2026-03-21T08:59:46.704701Z  INFO extract_candidates:read_all_files: tailwindcss_oxide::scanner: Reading "C:\\Users\\shlok\\Desktop\\khaadyam-web\\src\\app\\globals.css"
2026-03-21T08:59:46.704746Z  INFO extract_candidates:read_all_files: tailwindcss_oxide::scanner: exit
2026-03-21T08:59:46.704763Z  INFO extract_candidates:extract_css_variables: tailwindcss_oxide::scanner: enter
2026-03-21T08:59:46.704774Z  INFO extract_candidates:extract_css_variables:extract: tailwindcss_oxide::scanner: enter
2026-03-21T08:59:46.704896Z  INFO extract_candidates:extract_css_variables:extract: tailwindcss_oxide::scanner: exit
2026-03-21T08:59:46.704933Z  INFO extract_candidates:extract_css_variables: tailwindcss_oxide::scanner: exit
2026-03-21T08:59:46.705138Z  INFO extract_candidates: tailwindcss_oxide::scanner: exit
2026-03-21T08:59:46.706418Z  INFO get_files: tailwindcss_oxide::scanner: enter
2026-03-21T08:59:46.706474Z  INFO get_files:discover_sources: tailwindcss_oxide::scanner: enter
2026-03-21T08:59:46.706490Z  INFO get_files:discover_sources: tailwindcss_oxide::scanner: exit
2026-03-21T08:59:46.706662Z  INFO get_files: tailwindcss_oxide::scanner: exit
2026-03-21T08:59:46.707065Z  INFO get_globs: tailwindcss_oxide::scanner: enter
2026-03-21T08:59:46.707097Z  INFO get_globs: tailwindcss_oxide::scanner: exit
2026-03-21T09:21:34.322084Z  INFO discover_sources: tailwindcss_oxide::scanner: enter
2026-03-21T09:21:34.324074Z  INFO discover_sources:walk_parallel: tailwindcss_oxide::scanner: enter
2026-03-21T09:21:34.346311Z  INFO discover_sources:walk_parallel: tailwindcss_oxide::scanner: exit
2026-03-21T09:21:34.357579Z  INFO discover_sources: tailwindcss_oxide::scanner: Reading "C:\\Users\\shlok\\Desktop\\khaadyam-web\\src\\components\\Navbar.tsx"
2026-03-21T09:21:34.357873Z  INFO discover_sources: tailwindcss_oxide::scanner: exit
2026-03-21T09:21:34.357904Z  INFO extract_candidates: tailwindcss_oxide::scanner: enter
2026-03-21T09:21:34.357915Z  INFO extract_candidates:parse_all_blobs: tailwindcss_oxide::scanner: enter
2026-03-21T09:21:34.357924Z  INFO extract_candidates:parse_all_blobs:extract: tailwindcss_oxide::scanner: enter
2026-03-21T09:21:34.359823Z  INFO extract_candidates:parse_all_blobs:extract: tailwindcss_oxide::scanner: exit
2026-03-21T09:21:34.359874Z  INFO extract_candidates:parse_all_blobs: tailwindcss_oxide::scanner: exit
2026-03-21T09:21:34.360294Z  INFO extract_candidates: tailwindcss_oxide::scanner: exit
2026-03-21T09:21:34.361990Z  INFO get_files: tailwindcss_oxide::scanner: enter
2026-03-21T09:21:34.362037Z  INFO get_files:discover_sources: tailwindcss_oxide::scanner: enter
2026-03-21T09:21:34.362050Z  INFO get_files:discover_sources: tailwindcss_oxide::scanner: exit
2026-03-21T09:21:34.362331Z  INFO get_files: tailwindcss_oxide::scanner: exit
2026-03-21T09:21:34.365801Z  INFO get_globs: tailwindcss_oxide::scanner: enter
2026-03-21T09:21:34.365921Z  INFO get_globs: tailwindcss_oxide::scanner: exit
2026-03-21T09:28:54.682238Z  INFO discover_sources: tailwindcss_oxide::scanner: enter
2026-03-21T09:28:54.682350Z  INFO discover_sources:walk_parallel: tailwindcss_oxide::scanner: enter
2026-03-21T09:28:54.696679Z  INFO discover_sources:walk_parallel: tailwindcss_oxide::scanner: exit
2026-03-21T09:28:54.700304Z  INFO discover_sources: tailwindcss_oxide::scanner: Reading "C:\\Users\\shlok\\Desktop\\khaadyam-web\\src\\context\\CartContext.tsx"
2026-03-21T09:28:54.700360Z  INFO discover_sources: tailwindcss_oxide::scanner: exit
2026-03-21T09:28:54.700377Z  INFO extract_candidates: tailwindcss_oxide::scanner: enter
2026-03-21T09:28:54.700386Z  INFO extract_candidates:parse_all_blobs: tailwindcss_oxide::scanner: enter
2026-03-21T09:28:54.700404Z  INFO extract_candidates:parse_all_blobs:extract: tailwindcss_oxide::scanner: enter
2026-03-21T09:28:54.701112Z  INFO extract_candidates:parse_all_blobs:extract: tailwindcss_oxide::scanner: exit
2026-03-21T09:28:54.701175Z  INFO extract_candidates:parse_all_blobs: tailwindcss_oxide::scanner: exit
2026-03-21T09:28:54.701274Z  INFO extract_candidates: tailwindcss_oxide::scanner: exit
2026-03-21T09:28:54.702538Z  INFO get_files: tailwindcss_oxide::scanner: enter
2026-03-21T09:28:54.702571Z  INFO get_files:discover_sources: tailwindcss_oxide::scanner: enter
2026-03-21T09:28:54.702578Z  INFO get_files:discover_sources: tailwindcss_oxide::scanner: exit
2026-03-21T09:28:54.702801Z  INFO get_files: tailwindcss_oxide::scanner: exit
2026-03-21T09:28:54.703057Z  INFO get_globs: tailwindcss_oxide::scanner: enter
2026-03-21T09:28:54.703095Z  INFO get_globs: tailwindcss_oxide::scanner: exit
2026-03-21T09:29:13.830599Z  INFO discover_sources: tailwindcss_oxide::scanner: enter
2026-03-21T09:29:13.830665Z  INFO discover_sources:walk_parallel: tailwindcss_oxide::scanner: enter
2026-03-21T09:29:13.851333Z  INFO discover_sources:walk_parallel: tailwindcss_oxide::scanner: exit
2026-03-21T09:29:13.855370Z  INFO discover_sources: tailwindcss_oxide::scanner: Reading "C:\\Users\\shlok\\Desktop\\khaadyam-web\\src\\context\\CartContext.tsx"
2026-03-21T09:29:13.855412Z  INFO discover_sources: tailwindcss_oxide::scanner: exit
2026-03-21T09:29:13.855423Z  INFO extract_candidates: tailwindcss_oxide::scanner: enter
2026-03-21T09:29:13.855429Z  INFO extract_candidates:parse_all_blobs: tailwindcss_oxide::scanner: enter
2026-03-21T09:29:13.855447Z  INFO extract_candidates:parse_all_blobs:extract: tailwindcss_oxide::scanner: enter
2026-03-21T09:29:13.856419Z  INFO extract_candidates:parse_all_blobs:extract: tailwindcss_oxide::scanner: exit
2026-03-21T09:29:13.856454Z  INFO extract_candidates:parse_all_blobs: tailwindcss_oxide::scanner: exit
2026-03-21T09:29:13.856502Z  INFO extract_candidates: tailwindcss_oxide::scanner: exit
2026-03-21T09:29:13.857236Z  INFO get_files: tailwindcss_oxide::scanner: enter
2026-03-21T09:29:13.857258Z  INFO get_files:discover_sources: tailwindcss_oxide::scanner: enter
2026-03-21T09:29:13.857265Z  INFO get_files:discover_sources: tailwindcss_oxide::scanner: exit
2026-03-21T09:29:13.857475Z  INFO get_files: tailwindcss_oxide::scanner: exit
2026-03-21T09:29:13.857617Z  INFO get_globs: tailwindcss_oxide::scanner: enter
2026-03-21T09:29:13.857633Z  INFO get_globs: tailwindcss_oxide::scanner: exit
2026-03-21T09:29:30.208398Z  INFO discover_sources: tailwindcss_oxide::scanner: enter
2026-03-21T09:29:30.208448Z  INFO discover_sources:walk_parallel: tailwindcss_oxide::scanner: enter
2026-03-21T09:29:30.232462Z  INFO discover_sources:walk_parallel: tailwindcss_oxide::scanner: exit
2026-03-21T09:29:30.238780Z  INFO discover_sources: tailwindcss_oxide::scanner: Reading "C:\\Users\\shlok\\Desktop\\khaadyam-web\\src\\components\\CartDrawer.tsx"
2026-03-21T09:29:30.238830Z  INFO discover_sources: tailwindcss_oxide::scanner: exit
2026-03-21T09:29:30.238848Z  INFO extract_candidates: tailwindcss_oxide::scanner: enter
2026-03-21T09:29:30.238860Z  INFO extract_candidates:parse_all_blobs: tailwindcss_oxide::scanner: enter
2026-03-21T09:29:30.238870Z  INFO extract_candidates:parse_all_blobs:extract: tailwindcss_oxide::scanner: enter
2026-03-21T09:29:30.239673Z  INFO extract_candidates:parse_all_blobs:extract: tailwindcss_oxide::scanner: exit
2026-03-21T09:29:30.239713Z  INFO extract_candidates:parse_all_blobs: tailwindcss_oxide::scanner: exit
2026-03-21T09:29:30.239783Z  INFO extract_candidates: tailwindcss_oxide::scanner: exit
2026-03-21T09:29:30.240621Z  INFO get_files: tailwindcss_oxide::scanner: enter
2026-03-21T09:29:30.240646Z  INFO get_files:discover_sources: tailwindcss_oxide::scanner: enter
2026-03-21T09:29:30.240653Z  INFO get_files:discover_sources: tailwindcss_oxide::scanner: exit
2026-03-21T09:29:30.240923Z  INFO get_files: tailwindcss_oxide::scanner: exit
2026-03-21T09:29:30.241063Z  INFO get_globs: tailwindcss_oxide::scanner: enter
2026-03-21T09:29:30.241084Z  INFO get_globs: tailwindcss_oxide::scanner: exit
2026-03-21T09:29:55.432676Z  INFO discover_sources: tailwindcss_oxide::scanner: enter
2026-03-21T09:29:55.432751Z  INFO discover_sources:walk_parallel: tailwindcss_oxide::scanner: enter
2026-03-21T09:29:55.460238Z  INFO discover_sources:walk_parallel: tailwindcss_oxide::scanner: exit
2026-03-21T09:29:55.476077Z  INFO discover_sources: tailwindcss_oxide::scanner: Reading "C:\\Users\\shlok\\Desktop\\khaadyam-web\\src\\components\\CartDrawer.tsx"
2026-03-21T09:29:55.476155Z  INFO discover_sources: tailwindcss_oxide::scanner: exit
2026-03-21T09:29:55.476182Z  INFO extract_candidates: tailwindcss_oxide::scanner: enter
2026-03-21T09:29:55.476198Z  INFO extract_candidates:parse_all_blobs: tailwindcss_oxide::scanner: enter
2026-03-21T09:29:55.476213Z  INFO extract_candidates:parse_all_blobs:extract: tailwindcss_oxide::scanner: enter
2026-03-21T09:29:55.481815Z  INFO extract_candidates:parse_all_blobs:extract: tailwindcss_oxide::scanner: exit
2026-03-21T09:29:55.481883Z  INFO extract_candidates:parse_all_blobs: tailwindcss_oxide::scanner: exit
2026-03-21T09:29:55.481975Z  INFO extract_candidates: tailwindcss_oxide::scanner: exit
2026-03-21T09:29:55.484039Z  INFO get_files: tailwindcss_oxide::scanner: enter
2026-03-21T09:29:55.484093Z  INFO get_files:discover_sources: tailwindcss_oxide::scanner: enter
2026-03-21T09:29:55.484110Z  INFO get_files:discover_sources: tailwindcss_oxide::scanner: exit
2026-03-21T09:29:55.484280Z  INFO get_files: tailwindcss_oxide::scanner: exit
2026-03-21T09:29:55.484539Z  INFO get_globs: tailwindcss_oxide::scanner: enter
2026-03-21T09:29:55.484574Z  INFO get_globs: tailwindcss_oxide::scanner: exit
2026-03-21T09:30:19.549338Z  INFO discover_sources: tailwindcss_oxide::scanner: enter
2026-03-21T09:30:19.549418Z  INFO discover_sources:walk_parallel: tailwindcss_oxide::scanner: enter
2026-03-21T09:30:19.576570Z  INFO discover_sources:walk_parallel: tailwindcss_oxide::scanner: exit
2026-03-21T09:30:19.581903Z  INFO discover_sources: tailwindcss_oxide::scanner: Reading "C:\\Users\\shlok\\Desktop\\khaadyam-web\\src\\components\\Navbar.tsx"
2026-03-21T09:30:19.581982Z  INFO discover_sources: tailwindcss_oxide::scanner: exit
2026-03-21T09:30:19.582001Z  INFO extract_candidates: tailwindcss_oxide::scanner: enter
2026-03-21T09:30:19.582012Z  INFO extract_candidates:parse_all_blobs: tailwindcss_oxide::scanner: enter
2026-03-21T09:30:19.582024Z  INFO extract_candidates:parse_all_blobs:extract: tailwindcss_oxide::scanner: enter
2026-03-21T09:30:19.582560Z  INFO extract_candidates:parse_all_blobs:extract: tailwindcss_oxide::scanner: exit
2026-03-21T09:30:19.582611Z  INFO extract_candidates:parse_all_blobs: tailwindcss_oxide::scanner: exit
2026-03-21T09:30:19.582691Z  INFO extract_candidates: tailwindcss_oxide::scanner: exit
2026-03-21T09:30:19.584285Z  INFO get_files: tailwindcss_oxide::scanner: enter
2026-03-21T09:30:19.584310Z  INFO get_files:discover_sources: tailwindcss_oxide::scanner: enter
2026-03-21T09:30:19.584322Z  INFO get_files:discover_sources: tailwindcss_oxide::scanner: exit
2026-03-21T09:30:19.584687Z  INFO get_files: tailwindcss_oxide::scanner: exit
2026-03-21T09:30:19.585064Z  INFO get_globs: tailwindcss_oxide::scanner: enter
2026-03-21T09:30:19.585112Z  INFO get_globs: tailwindcss_oxide::scanner: exit
